    Updating crates.io index
warning: crate rc-x509-test-helpers@0.1.1 already exists on crates.io index
warning: crate rc-x509-client@0.1.1 already exists on crates.io index
warning: crate rc-x509-proto@0.1.1 already exists on crates.io index
warning: crate rc-x509-trust@0.1.1 already exists on crates.io index
warning: crate rc-x509-roots@1.0.0 already exists on crates.io index
   Packaging rc-x509-test-helpers v0.1.1 (/Users/dom.dwyer/dd/libdd-rc/lib/rc-x509-test-helpers)
    Updating crates.io index
    Packaged 6 files, 10.2KiB (3.5KiB compressed)
   Packaging rc-crypto v0.1.3 (/Users/dom.dwyer/dd/libdd-rc/lib/rc-crypto)
    Updating crates.io index
    Packaged 31 files, 162.9KiB (39.7KiB compressed)
   Packaging rc-x509-proto v0.1.1 (/Users/dom.dwyer/dd/libdd-rc/lib/rc-x509-proto)
    Updating crates.io index
    Packaged 11 files, 40.5KiB (12.8KiB compressed)
   Packaging rc-x509-roots v1.0.0 (/Users/dom.dwyer/dd/libdd-rc/lib/rc-x509-roots)
    Updating crates.io index
    Packaged 11 files, 35.3KiB (11.0KiB compressed)
   Packaging rc-x509-trust v0.1.1 (/Users/dom.dwyer/dd/libdd-rc/lib/rc-x509-trust)
    Updating crates.io index
    Packaged 24 files, 94.7KiB (22.6KiB compressed)
   Packaging rc-x509-client v0.1.1 (/Users/dom.dwyer/dd/libdd-rc/lib/rc-x509-client)
    Updating crates.io index
    Packaged 20 files, 86.0KiB (22.7KiB compressed)
   Verifying rc-x509-test-helpers v0.1.1 (/Users/dom.dwyer/dd/libdd-rc/lib/rc-x509-test-helpers)
   Compiling rc-x509-test-helpers v0.1.1 (/Users/dom.dwyer/dd/libdd-rc/target/package/rc-x509-test-helpers-0.1.1)
    Finished `dev` profile [unoptimized + debuginfo] target(s) in 15.56s
   Verifying rc-crypto v0.1.3 (/Users/dom.dwyer/dd/libdd-rc/lib/rc-crypto)
   Compiling rc-crypto v0.1.3 (/Users/dom.dwyer/dd/libdd-rc/target/package/rc-crypto-0.1.3)
    Finished `dev` profile [unoptimized + debuginfo] target(s) in 16.24s
   Verifying rc-x509-proto v0.1.1 (/Users/dom.dwyer/dd/libdd-rc/lib/rc-x509-proto)
   Compiling rc-x509-proto v0.1.1 (/Users/dom.dwyer/dd/libdd-rc/target/package/rc-x509-proto-0.1.1)
    Finished `dev` profile [unoptimized + debuginfo] target(s) in 18.12s
   Verifying rc-x509-roots v1.0.0 (/Users/dom.dwyer/dd/libdd-rc/lib/rc-x509-roots)
    Updating crates.io index
   Unpacking rc-crypto v0.1.3 (registry `/Users/dom.dwyer/dd/libdd-rc/target/package/tmp-registry`)
   Compiling rc-crypto v0.1.3
   Compiling rc-x509-roots v1.0.0 (/Users/dom.dwyer/dd/libdd-rc/target/package/rc-x509-roots-1.0.0)
    Finished `dev` profile [unoptimized + debuginfo] target(s) in 18.76s
   Verifying rc-x509-trust v0.1.1 (/Users/dom.dwyer/dd/libdd-rc/lib/rc-x509-trust)
    Updating crates.io index
   Unpacking rc-x509-roots v1.0.0 (registry `/Users/dom.dwyer/dd/libdd-rc/target/package/tmp-registry`)
 Downloading crates ...
  Downloaded rc-x509-roots v1.0.0
   Compiling rc-crypto v0.1.3
   Compiling rc-x509-roots v1.0.0
   Compiling rc-x509-trust v0.1.1 (/Users/dom.dwyer/dd/libdd-rc/target/package/rc-x509-trust-0.1.1)
    Finished `dev` profile [unoptimized + debuginfo] target(s) in 20.29s
   Verifying rc-x509-client v0.1.1 (/Users/dom.dwyer/dd/libdd-rc/lib/rc-x509-client)
    Updating crates.io index
   Unpacking rc-x509-proto v0.1.1 (registry `/Users/dom.dwyer/dd/libdd-rc/target/package/tmp-registry`)
   Unpacking rc-x509-roots v1.0.0 (registry `/Users/dom.dwyer/dd/libdd-rc/target/package/tmp-registry`)
   Unpacking rc-x509-trust v0.1.1 (registry `/Users/dom.dwyer/dd/libdd-rc/target/package/tmp-registry`)
   Compiling rc-crypto v0.1.3
   Compiling rc-x509-roots v1.0.0
   Compiling rc-x509-trust v0.1.1
   Compiling rc-x509-client v0.1.1 (/Users/dom.dwyer/dd/libdd-rc/target/package/rc-x509-client-0.1.1)
    Finished `dev` profile [unoptimized + debuginfo] target(s) in 21.72s
   Uploading rc-x509-proto v0.1.1 (/Users/dom.dwyer/dd/libdd-rc/lib/rc-x509-proto)
warning: aborting upload due to dry run
   Uploading rc-x509-test-helpers v0.1.1 (/Users/dom.dwyer/dd/libdd-rc/lib/rc-x509-test-helpers)
warning: aborting upload due to dry run
   Uploading rc-crypto v0.1.3 (/Users/dom.dwyer/dd/libdd-rc/lib/rc-crypto)
warning: aborting upload due to dry run
   Uploading rc-x509-roots v1.0.0 (/Users/dom.dwyer/dd/libdd-rc/lib/rc-x509-roots)
warning: aborting upload due to dry run
   Uploading rc-x509-trust v0.1.1 (/Users/dom.dwyer/dd/libdd-rc/lib/rc-x509-trust)
warning: aborting upload due to dry run
   Uploading rc-x509-client v0.1.1 (/Users/dom.dwyer/dd/libdd-rc/lib/rc-x509-client)
warning: aborting upload due to dry run
